<?xml version="1.0" encoding="UTF-8" ?>
<testsuite errors="0" failures="0" hostname="benb" name="org.coriander.oauth.tests.SignatureBaseStringTest" tests="4" time="0.172" timestamp="2009-08-18T08:13:54">
  <properties>
[...]
</properties>
  <testcase classname="org.coriander.oauth.tests.SignatureBaseStringTest" name="given_a_list_of_parameters_then_result_contains_them_all" time="0.11" />
  <testcase classname="org.coriander.oauth.tests.SignatureBaseStringTest" name="given_an_unsorted_list_of_parameters_then_result_has_them_sorted" time="0.015" />
  <testcase classname="org.coriander.oauth.tests.SignatureBaseStringTest" name="given_a_parameter_containing_reserved_character_then_result_is_RFC3629_percent_encoded" time="0.0" />
  <testcase classname="org.coriander.oauth.tests.SignatureBaseStringTest" name="given_a_parameter_containing_reserved_character_then_the_result_contains_url_encoded_parameter" time="0.0" />
  <system-out><![CDATA[]]></system-out>
  <system-err><![CDATA[]]></system-err>
</testsuite>
